
20/11/2024, 7:46:32 PM - ERROR: Download of “https://www.annieli.net/wang-wang-da-app”, referred from “/Users/annie/Downloads/us.sitesucker.mac.sitesucker-pro/www.annieli.net/index.html”, failed with error code 401 (unauthorized)
20/11/2024, 7:46:32 PM - ERROR: Download of “https://www.annieli.net/cinnox-website”, referred from “/Users/annie/Downloads/us.sitesucker.mac.sitesucker-pro/www.annieli.net/index.html”, failed with error code 401 (unauthorized)
20/11/2024, 7:46:32 PM - ERROR: Download of “https://www.annieli.net/cinnox-website”, referred from “/Users/annie/Downloads/us.sitesucker.mac.sitesucker-pro/www.annieli.net/about.html”, failed with error code 401 (unauthorized)
20/11/2024, 7:46:32 PM - ERROR: Download of “https://www.annieli.net/wang-wang-da-app”, referred from “/Users/annie/Downloads/us.sitesucker.mac.sitesucker-pro/www.annieli.net/about.html”, failed with error code 401 (unauthorized)
20/11/2024, 7:46:32 PM - ERROR: Download of “https://www.annieli.net/wang-wang-da-app”, referred from “/Users/annie/Downloads/us.sitesucker.mac.sitesucker-pro/www.annieli.net/cbx-scm-platform.html”, failed with error code 401 (unauthorized)
20/11/2024, 7:46:33 PM - ERROR: Download of “https://www.annieli.net/wang-wang-da-app”, referred from “/Users/annie/Downloads/us.sitesucker.mac.sitesucker-pro/www.annieli.net/work.html”, failed with error code 401 (unauthorized)
20/11/2024, 7:46:33 PM - ERROR: Download of “https://www.annieli.net/cinnox-website”, referred from “/Users/annie/Downloads/us.sitesucker.mac.sitesucker-pro/www.annieli.net/work.html”, failed with error code 401 (unauthorized)

---------------------

20/11/2024, 7:46:42 PM - ERROR: Download of “https://www.annieli.net/cinnox-website”, referred from “/Users/annie/Downloads/us.sitesucker.mac.sitesucker-pro/www.annieli.net/about.html”, failed with error code 401 (unauthorized)
20/11/2024, 7:46:42 PM - ERROR: Download of “https://www.annieli.net/cinnox-website”, referred from “/Users/annie/Downloads/us.sitesucker.mac.sitesucker-pro/www.annieli.net/index.html”, failed with error code 401 (unauthorized)
20/11/2024, 7:46:42 PM - ERROR: Download of “https://www.annieli.net/cinnox-website”, referred from “/Users/annie/Downloads/us.sitesucker.mac.sitesucker-pro/www.annieli.net/work.html”, failed with error code 401 (unauthorized)
20/11/2024, 7:46:42 PM - ERROR: Download of “https://www.annieli.net/wang-wang-da-app”, referred from “/Users/annie/Downloads/us.sitesucker.mac.sitesucker-pro/www.annieli.net/work.html”, failed with error code 401 (unauthorized)
20/11/2024, 7:46:42 PM - ERROR: Download of “https://www.annieli.net/wang-wang-da-app”, referred from “/Users/annie/Downloads/us.sitesucker.mac.sitesucker-pro/www.annieli.net/cbx-scm-platform.html”, failed with error code 401 (unauthorized)
20/11/2024, 7:46:42 PM - ERROR: Download of “https://www.annieli.net/wang-wang-da-app”, referred from “/Users/annie/Downloads/us.sitesucker.mac.sitesucker-pro/www.annieli.net/about.html”, failed with error code 401 (unauthorized)
20/11/2024, 7:46:42 PM - ERROR: Download of “https://www.annieli.net/wang-wang-da-app”, referred from “/Users/annie/Downloads/us.sitesucker.mac.sitesucker-pro/www.annieli.net/index.html”, failed with error code 401 (unauthorized)

---------------------

20/11/2024, 7:46:46 PM - ERROR: Download of “https://www.annieli.net/cinnox-website”, referred from “/Users/annie/Downloads/us.sitesucker.mac.sitesucker-pro/www.annieli.net/about.html”, failed with error code 401 (unauthorized)
20/11/2024, 7:46:46 PM - ERROR: Download of “https://www.annieli.net/cinnox-website”, referred from “/Users/annie/Downloads/us.sitesucker.mac.sitesucker-pro/www.annieli.net/index.html”, failed with error code 401 (unauthorized)
20/11/2024, 7:46:46 PM - ERROR: Download of “https://www.annieli.net/cinnox-website”, referred from “/Users/annie/Downloads/us.sitesucker.mac.sitesucker-pro/www.annieli.net/work.html”, failed with error code 401 (unauthorized)
20/11/2024, 7:46:46 PM - ERROR: Download of “https://www.annieli.net/wang-wang-da-app”, referred from “/Users/annie/Downloads/us.sitesucker.mac.sitesucker-pro/www.annieli.net/work.html”, failed with error code 401 (unauthorized)
20/11/2024, 7:46:46 PM - ERROR: Download of “https://www.annieli.net/wang-wang-da-app”, referred from “/Users/annie/Downloads/us.sitesucker.mac.sitesucker-pro/www.annieli.net/cbx-scm-platform.html”, failed with error code 401 (unauthorized)
20/11/2024, 7:46:46 PM - ERROR: Download of “https://www.annieli.net/wang-wang-da-app”, referred from “/Users/annie/Downloads/us.sitesucker.mac.sitesucker-pro/www.annieli.net/about.html”, failed with error code 401 (unauthorized)
20/11/2024, 7:46:46 PM - ERROR: Download of “https://www.annieli.net/wang-wang-da-app”, referred from “/Users/annie/Downloads/us.sitesucker.mac.sitesucker-pro/www.annieli.net/index.html”, failed with error code 401 (unauthorized)

---------------------

20/11/2024, 8:21:45 PM - ERROR: Download of “https://www.annieli.net/wang-wang-da-app”, referred from “/Users/annie/Downloads/us.sitesucker.mac.sitesucker-pro/www.annieli.net/about.html”, failed with error code 401 (unauthorized)
20/11/2024, 8:21:45 PM - ERROR: Download of “https://www.annieli.net/wang-wang-da-app”, referred from “/Users/annie/Downloads/us.sitesucker.mac.sitesucker-pro/www.annieli.net/index.html”, failed with error code 401 (unauthorized)
20/11/2024, 8:21:45 PM - ERROR: Download of “https://www.annieli.net/wang-wang-da-app”, referred from “/Users/annie/Downloads/us.sitesucker.mac.sitesucker-pro/www.annieli.net/cbx-scm-platform.html”, failed with error code 401 (unauthorized)
20/11/2024, 8:21:45 PM - ERROR: Download of “https://www.annieli.net/cinnox-website”, referred from “/Users/annie/Downloads/us.sitesucker.mac.sitesucker-pro/www.annieli.net/about.html”, failed with error code 401 (unauthorized)
20/11/2024, 8:21:45 PM - ERROR: Download of “https://www.annieli.net/cinnox-website”, referred from “/Users/annie/Downloads/us.sitesucker.mac.sitesucker-pro/www.annieli.net/index.html”, failed with error code 401 (unauthorized)

---------------------
